<?xml version="1.0" encoding="UTF-8"?>
<coverage generated="1581954343257" clover="3.2.0">
  <project timestamp="1581954343257" name="All files">
    <metrics statements="14" coveredstatements="13" conditionals="2" coveredconditionals="1" methods="5" coveredmethods="4" elements="21" coveredelements="18" complexity="0" loc="14" ncloc="14" packages="2" files="2" classes="2"/>
    <package name="components.button">
      <metrics statements="6" coveredstatements="6" conditionals="2" coveredconditionals="1" methods="2" coveredmethods="2"/>
      <file name="index.tsx" path="/Users/a/Desktop/APP/src/components/button/index.tsx">
        <metrics statements="6" coveredstatements="6" conditionals="2" coveredconditionals="1" methods="2" coveredmethods="2"/>
        <line num="1" count="1" type="stmt"/>
        <line num="2" count="1" type="stmt"/>
        <line num="11" count="1" type="stmt"/>
        <line num="12" count="1" type="stmt"/>
        <line num="20" count="1" type="stmt"/>
        <line num="21" count="1" type="stmt"/>
      </file>
    </package>
    <package name="routers.login">
      <metrics statements="8" coveredstatements="7" conditionals="0" coveredconditionals="0" methods="3" coveredmethods="2"/>
      <file name="index.tsx" path="/Users/a/Desktop/APP/src/routers/login/index.tsx">
        <metrics statements="8" coveredstatements="7" conditionals="0" coveredconditionals="0" methods="3" coveredmethods="2"/>
        <line num="1" count="1" type="stmt"/>
        <line num="2" count="1" type="stmt"/>
        <line num="3" count="1" type="stmt"/>
        <line num="12" count="1" type="stmt"/>
        <line num="16" count="1" type="stmt"/>
        <line num="17" count="0" type="stmt"/>
        <line num="21" count="1" type="stmt"/>
        <line num="31" count="1" type="stmt"/>
      </file>
    </package>
  </project>
</coverage>
