TN:
SF:/Users/a/Desktop/APP/src/components/button/index.tsx
FN:10,(anonymous_1)
FN:20,Button
FNF:2
FNH:2
FNDA:1,(anonymous_1)
FNDA:1,Button
DA:1,1
DA:2,1
DA:11,1
DA:12,1
DA:20,1
DA:21,1
LF:6
LH:6
BRDA:13,0,0,1
BRDA:13,0,1,0
BRF:2
BRH:1
end_of_record
TN:
SF:/Users/a/Desktop/APP/src/routers/login/index.tsx
FN:11,(anonymous_1)
FN:16,(anonymous_2)
FN:20,(anonymous_3)
FNF:3
FNH:2
FNDA:1,(anonymous_1)
FNDA:0,(anonymous_2)
FNDA:1,(anonymous_3)
DA:1,1
DA:2,1
DA:3,1
DA:12,1
DA:16,1
DA:17,0
DA:21,1
DA:31,1
LF:8
LH:7
BRF:0
BRH:0
end_of_record
